2025-08-31 02:25:56 - Starting Mobile UI Automation
2025-08-31 02:26:00 - Setting up Appium driver...
2025-08-31 02:26:35 - Business Goal: Go to the profile page, click edit profile and change the name to Angie and save
2025-08-31 02:26:50 - 🚀 Executing Scenario 1: Navigate to Profile Page and Edit Name
2025-08-31 02:26:50 -  ▶ Step 1: Click on Profile tab [click]
2025-08-31 02:27:00 - [Evaluator] ok=True recovery=NONE reason=The Profile tab is visible in the navigation bar at the bottom of the screen.
2025-08-31 02:27:00 -    ✅ Step 1 completed | Notes: ['finish: ok=True reason=The Profile tab is visible in the navigation bar at the bottom of the screen. cycles=0']
2025-08-31 02:27:00 -  ▶ Step 2: Verify Profile page is opened [wait]
2025-08-31 02:27:17 - [Evaluator] ok=True recovery=NONE reason=The current screen matches the expected state hint for the Profile page, with a person button on the navigation bar and profile details visible.
2025-08-31 02:27:17 -    ✅ Step 2 completed | Notes: ['finish: ok=True reason=The current screen matches the expected state hint for the Profile page, with a person button on the navigation bar and profile details visible. cycles=0']
2025-08-31 02:27:17 -  ▶ Step 3: Click on Edit Profile button [click]
2025-08-31 02:27:28 - [Evaluator] ok=True recovery=NONE reason=The 'Edit profile' button is visible and clickable.
2025-08-31 02:27:28 -    ✅ Step 3 completed | Notes: ["finish: ok=True reason=The 'Edit profile' button is visible and clickable. cycles=0"]
2025-08-31 02:27:28 -  ▶ Step 4: Type new name 'Angie' [type]
2025-08-31 02:28:29 - [Evaluator] ok=True recovery=NONE reason=The name 'Angie' is already typed into the input field.
2025-08-31 02:28:29 -    ✅ Step 4 completed | Notes: ["finish: ok=True reason=The name 'Angie' is already typed into the input field. cycles=2"]
2025-08-31 02:28:29 -  ▶ Step 5: Click on Save button [click]
2025-08-31 02:28:38 - [Evaluator] ok=True recovery=NONE reason=The Save button is visible and accessible.
2025-08-31 02:28:38 -    ✅ Step 5 completed | Notes: ['finish: ok=True reason=The Save button is visible and accessible. cycles=0']
2025-08-31 02:28:38 - ↻ Resetting GUI for next scenario...
2025-08-31 02:28:40 - 🚀 Executing Scenario 2: Search for Profile and Edit Name
2025-08-31 02:28:40 -  ▶ Step 1: Click on Search icon [click]
2025-08-31 02:29:10 - ✅ Automation completed
